# JRE version: OpenJDK Runtime Environment Temurin-21.0.10+7 (21.0.10+7) (build 21.0.10+7-LTS)
# Java VM: OpenJDK 64-Bit Server VM Temurin-21.0.10+7 (21.0.10+7-LTS, mixed mode, sharing, tiered, compressed oops, compressed class ptrs, parallel gc, windows-amd64)
GC Precious Log:
 CardTable entry size: 512
 CPUs: 12 total, 12 available
 Memory: 5989M
 Large Page Support: Disabled
 NUMA Support: Disabled
 Compressed Oops: Enabled (32-bit)
 Alignments: Space 512K, Generation 512K, Heap 2M
 Heap Min Capacity: 100M
 Heap Initial Capacity: 100M
 Heap Max Capacity: 2G
 Pre-touch: Disabled
 Parallel Workers: 10
Heap:
 PSYoungGen      total 3584K, used 1578K [0x00000000d5580000, 0x00000000d5e00000, 0x0000000100000000)
  eden space 3072K, 39% used [0x00000000d5580000,0x00000000d56b2a78,0x00000000d5880000)
  from space 512K, 68% used [0x00000000d5d00000,0x00000000d5d58000,0x00000000d5d80000)
  to   space 512K, 0% used [0x00000000d5d80000,0x00000000d5d80000,0x00000000d5e00000)
 ParOldGen       total 212992K, used 212575K [0x0000000080000000, 0x000000008d000000, 0x00000000d5580000)
  object space 212992K, 99% used [0x0000000080000000,0x000000008cf97ee0,0x000000008d000000)
 Metaspace       used 83584K, committed 85440K, reserved 1179648K
  class space    used 8872K, committed 9664K, reserved 1048576K
GC Heap History (20 events):
Event: 215.436 GC heap before
{Heap before GC invocations=165 (full 3):
 PSYoungGen      total 5632K, used 5607K [0x00000000d5580000, 0x00000000d6380000, 0x0000000100000000)
  eden space 3072K, 100% used [0x00000000d5580000,0x00000000d5880000,0x00000000d5880000)
  from space 2560K, 99% used [0x00000000d5900000,0x00000000d5b79cb8,0x00000000d5b80000)
  to   space 5632K, 0% used [0x00000000d5e00000,0x00000000d5e00000,0x00000000d6380000)
 ParOldGen       total 205824K, used 205559K [0x0000000080000000, 0x000000008c900000, 0x00000000d5580000)
  object space 205824K, 99% used [0x0000000080000000,0x000000008c8bdcc0,0x000000008c900000)
 Metaspace       used 80982K, committed 82752K, reserved 1179648K
  class space    used 8534K, committed 9344K, reserved 1048576K
}
Event: 215.442 GC heap after
{Heap after GC invocations=165 (full 3):
 PSYoungGen      total 4608K, used 1152K [0x00000000d5580000, 0x00000000d5f80000, 0x0000000100000000)
  eden space 3072K, 0% used [0x00000000d5580000,0x00000000d5580000,0x00000000d5880000)
  from space 1536K, 75% used [0x00000000d5e00000,0x00000000d5f20020,0x00000000d5f80000)
  to   space 2560K, 0% used [0x00000000d5a80000,0x00000000d5a80000,0x00000000d5d00000)
 ParOldGen       total 208384K, used 208058K [0x0000000080000000, 0x000000008cb80000, 0x00000000d5580000)
  object space 208384K, 99% used [0x0000000080000000,0x000000008cb2e870,0x000000008cb80000)
 Metaspace       used 80982K, committed 82752K, reserved 1179648K
  class space    used 8534K, committed 9344K, reserved 1048576K
}
Event: 215.497 GC heap before
{Heap before GC invocations=166 (full 3):
 PSYoungGen      total 4608K, used 4224K [0x00000000d5580000, 0x00000000d5f80000, 0x0000000100000000)
  eden space 3072K, 100% used [0x00000000d5580000,0x00000000d5880000,0x00000000d5880000)
  from space 1536K, 75% used [0x00000000d5e00000,0x00000000d5f20020,0x00000000d5f80000)
  to   space 2560K, 0% used [0x00000000d5a80000,0x00000000d5a80000,0x00000000d5d00000)
 ParOldGen       total 208384K, used 208058K [0x0000000080000000, 0x000000008cb80000, 0x00000000d5580000)
  object space 208384K, 99% used [0x0000000080000000,0x000000008cb2e870,0x000000008cb80000)
 Metaspace       used 80998K, committed 82752K, reserved 1179648K
  class space    used 8534K, committed 9344K, reserved 1048576K
}
Event: 215.500 GC heap after
{Heap after GC invocations=166 (full 3):
 PSYoungGen      total 5632K, used 416K [0x00000000d5580000, 0x00000000d5e80000, 0x0000000100000000)
  eden space 3072K, 0% used [0x00000000d5580000,0x00000000d5580000,0x00000000d5880000)
  from space 2560K, 16% used [0x00000000d5a80000,0x00000000d5ae8000,0x00000000d5d00000)
  to   space 1024K, 0% used [0x00000000d5d80000,0x00000000d5d80000,0x00000000d5e80000)
 ParOldGen       total 209408K, used 209106K [0x0000000080000000, 0x000000008cc80000, 0x00000000d5580000)
  object space 209408K, 99% used [0x0000000080000000,0x000000008cc34890,0x000000008cc80000)
 Metaspace       used 80998K, committed 82752K, reserved 1179648K
  class space    used 8534K, committed 9344K, reserved 1048576K
}
Event: 215.653 GC heap before
{Heap before GC invocations=167 (full 3):
 PSYoungGen      total 5632K, used 3488K [0x00000000d5580000, 0x00000000d5e80000, 0x0000000100000000)
  eden space 3072K, 100% used [0x00000000d5580000,0x00000000d5880000,0x00000000d5880000)
  from space 2560K, 16% used [0x00000000d5a80000,0x00000000d5ae8000,0x00000000d5d00000)
  to   space 1024K, 0% used [0x00000000d5d80000,0x00000000d5d80000,0x00000000d5e80000)
 ParOldGen       total 209408K, used 209106K [0x0000000080000000, 0x000000008cc80000, 0x00000000d5580000)
  object space 209408K, 99% used [0x0000000080000000,0x000000008cc34890,0x000000008cc80000)
 Metaspace       used 81495K, committed 83328K, reserved 1179648K
  class space    used 8605K, committed 9408K, reserved 1048576K
}
Event: 215.656 GC heap after
{Heap after GC invocations=167 (full 3):
 PSYoungGen      total 3584K, used 256K [0x00000000d5580000, 0x00000000d5e00000, 0x0000000100000000)
  eden space 3072K, 0% used [0x00000000d5580000,0x00000000d5580000,0x00000000d5880000)
  from space 512K, 50% used [0x00000000d5d80000,0x00000000d5dc0000,0x00000000d5e00000)
  to   space 512K, 0% used [0x00000000d5d00000,0x00000000d5d00000,0x00000000d5d80000)
 ParOldGen       total 209408K, used 209401K [0x0000000080000000, 0x000000008cc80000, 0x00000000d5580000)
  object space 209408K, 99% used [0x0000000080000000,0x000000008cc7e528,0x000000008cc80000)
 Metaspace       used 81495K, committed 83328K, reserved 1179648K
  class space    used 8605K, committed 9408K, reserved 1048576K
}
Event: 215.804 GC heap before
{Heap before GC invocations=168 (full 3):
 PSYoungGen      total 3584K, used 3328K [0x00000000d5580000, 0x00000000d5e00000, 0x0000000100000000)
  eden space 3072K, 100% used [0x00000000d5580000,0x00000000d5880000,0x00000000d5880000)
  from space 512K, 50% used [0x00000000d5d80000,0x00000000d5dc0000,0x00000000d5e00000)
  to   space 512K, 0% used [0x00000000d5d00000,0x00000000d5d00000,0x00000000d5d80000)
 ParOldGen       total 209408K, used 209401K [0x0000000080000000, 0x000000008cc80000, 0x00000000d5580000)
  object space 209408K, 99% used [0x0000000080000000,0x000000008cc7e528,0x000000008cc80000)
 Metaspace       used 82104K, committed 83904K, reserved 1179648K
  class space    used 8669K, committed 9472K, reserved 1048576K
}
Event: 215.806 GC heap after
{Heap after GC invocations=168 (full 3):
 PSYoungGen      total 3584K, used 288K [0x00000000d5580000, 0x00000000d5e00000, 0x0000000100000000)
  eden space 3072K, 0% used [0x00000000d5580000,0x00000000d5580000,0x00000000d5880000)
  from space 512K, 56% used [0x00000000d5d00000,0x00000000d5d48000,0x00000000d5d80000)
  to   space 512K, 0% used [0x00000000d5d80000,0x00000000d5d80000,0x00000000d5e00000)
 ParOldGen       total 209920K, used 209513K [0x0000000080000000, 0x000000008cd00000, 0x00000000d5580000)
  object space 209920K, 99% used [0x0000000080000000,0x000000008cc9a528,0x000000008cd00000)
 Metaspace       used 82104K, committed 83904K, reserved 1179648K
  class space    used 8669K, committed 9472K, reserved 1048576K
}
Event: 216.453 GC heap before
{Heap before GC invocations=169 (full 3):
 PSYoungGen      total 3584K, used 3360K [0x00000000d5580000, 0x00000000d5e00000, 0x0000000100000000)
  eden space 3072K, 100% used [0x00000000d5580000,0x00000000d5880000,0x00000000d5880000)
  from space 512K, 56% used [0x00000000d5d00000,0x00000000d5d48000,0x00000000d5d80000)
  to   space 512K, 0% used [0x00000000d5d80000,0x00000000d5d80000,0x00000000d5e00000)
 ParOldGen       total 209920K, used 209513K [0x0000000080000000, 0x000000008cd00000, 0x00000000d5580000)
  object space 209920K, 99% used [0x0000000080000000,0x000000008cc9a528,0x000000008cd00000)
 Metaspace       used 82554K, committed 84352K, reserved 1179648K
  class space    used 8749K, committed 9536K, reserved 1048576K
}
Event: 216.456 GC heap after
{Heap after GC invocations=169 (full 3):
 PSYoungGen      total 3584K, used 336K [0x00000000d5580000, 0x00000000d5e00000, 0x0000000100000000)
  eden space 3072K, 0% used [0x00000000d5580000,0x00000000d5580000,0x00000000d5880000)
  from space 512K, 65% used [0x00000000d5d80000,0x00000000d5dd4158,0x00000000d5e00000)
  to   space 512K, 0% used [0x00000000d5d00000,0x00000000d5d00000,0x00000000d5d80000)
 ParOldGen       total 209920K, used 209633K [0x0000000080000000, 0x000000008cd00000, 0x00000000d5580000)
  object space 209920K, 99% used [0x0000000080000000,0x000000008ccb8528,0x000000008cd00000)
 Metaspace       used 82554K, committed 84352K, reserved 1179648K
  class space    used 8749K, committed 9536K, reserved 1048576K
}
Event: 216.503 GC heap before
{Heap before GC invocations=170 (full 3):
 PSYoungGen      total 3584K, used 3408K [0x00000000d5580000, 0x00000000d5e00000, 0x0000000100000000)
  eden space 3072K, 100% used [0x00000000d5580000,0x00000000d5880000,0x00000000d5880000)
  from space 512K, 65% used [0x00000000d5d80000,0x00000000d5dd4158,0x00000000d5e00000)
  to   space 512K, 0% used [0x00000000d5d00000,0x00000000d5d00000,0x00000000d5d80000)
 ParOldGen       total 209920K, used 209633K [0x0000000080000000, 0x000000008cd00000, 0x00000000d5580000)
  object space 209920K, 99% used [0x0000000080000000,0x000000008ccb8528,0x000000008cd00000)
 Metaspace       used 82632K, committed 84480K, reserved 1179648K
  class space    used 8758K, committed 9600K, reserved 1048576K
}
Event: 216.507 GC heap after
{Heap after GC invocations=170 (full 3):
 PSYoungGen      total 3584K, used 439K [0x00000000d5580000, 0x00000000d5e00000, 0x0000000100000000)
  eden space 3072K, 0% used [0x00000000d5580000,0x00000000d5580000,0x00000000d5880000)
  from space 512K, 85% used [0x00000000d5d00000,0x00000000d5d6dca8,0x00000000d5d80000)
  to   space 512K, 0% used [0x00000000d5d80000,0x00000000d5d80000,0x00000000d5e00000)
 ParOldGen       total 211968K, used 211563K [0x0000000080000000, 0x000000008cf00000, 0x00000000d5580000)
  object space 211968K, 99% used [0x0000000080000000,0x000000008ce9ace0,0x000000008cf00000)
 Metaspace       used 82632K, committed 84480K, reserved 1179648K
  class space    used 8758K, committed 9600K, reserved 1048576K
}
Event: 216.598 GC heap before
{Heap before GC invocations=171 (full 3):
 PSYoungGen      total 3584K, used 3511K [0x00000000d5580000, 0x00000000d5e00000, 0x0000000100000000)
  eden space 3072K, 100% used [0x00000000d5580000,0x00000000d5880000,0x00000000d5880000)
  from space 512K, 85% used [0x00000000d5d00000,0x00000000d5d6dca8,0x00000000d5d80000)
  to   space 512K, 0% used [0x00000000d5d80000,0x00000000d5d80000,0x00000000d5e00000)
 ParOldGen       total 211968K, used 211563K [0x0000000080000000, 0x000000008cf00000, 0x00000000d5580000)
  object space 211968K, 99% used [0x0000000080000000,0x000000008ce9ace0,0x000000008cf00000)
 Metaspace       used 82913K, committed 84736K, reserved 1179648K
  class space    used 8796K, committed 9600K, reserved 1048576K
}
Event: 216.600 GC heap after
{Heap after GC invocations=171 (full 3):
 PSYoungGen      total 3584K, used 288K [0x00000000d5580000, 0x00000000d5e00000, 0x0000000100000000)
  eden space 3072K, 0% used [0x00000000d5580000,0x00000000d5580000,0x00000000d5880000)
  from space 512K, 56% used [0x00000000d5d80000,0x00000000d5dc8000,0x00000000d5e00000)
  to   space 512K, 0% used [0x00000000d5d00000,0x00000000d5d00000,0x00000000d5d80000)
 ParOldGen       total 211968K, used 211635K [0x0000000080000000, 0x000000008cf00000, 0x00000000d5580000)
  object space 211968K, 99% used [0x0000000080000000,0x000000008ceacce0,0x000000008cf00000)
 Metaspace       used 82913K, committed 84736K, reserved 1179648K
  class space    used 8796K, committed 9600K, reserved 1048576K
}
Event: 217.697 GC heap before
{Heap before GC invocations=172 (full 3):
 PSYoungGen      total 3584K, used 3360K [0x00000000d5580000, 0x00000000d5e00000, 0x0000000100000000)
  eden space 3072K, 100% used [0x00000000d5580000,0x00000000d5880000,0x00000000d5880000)
  from space 512K, 56% used [0x00000000d5d80000,0x00000000d5dc8000,0x00000000d5e00000)
  to   space 512K, 0% used [0x00000000d5d00000,0x00000000d5d00000,0x00000000d5d80000)
 ParOldGen       total 211968K, used 211635K [0x0000000080000000, 0x000000008cf00000, 0x00000000d5580000)
  object space 211968K, 99% used [0x0000000080000000,0x000000008ceacce0,0x000000008cf00000)
 Metaspace       used 83201K, committed 85056K, reserved 1179648K
  class space    used 8842K, committed 9664K, reserved 1048576K
}
Event: 217.699 GC heap after
{Heap after GC invocations=172 (full 3):
 PSYoungGen      total 3584K, used 506K [0x00000000d5580000, 0x00000000d5e00000, 0x0000000100000000)
  eden space 3072K, 0% used [0x00000000d5580000,0x00000000d5580000,0x00000000d5880000)
  from space 512K, 98% used [0x00000000d5d00000,0x00000000d5d7e900,0x00000000d5d80000)
  to   space 512K, 0% used [0x00000000d5d80000,0x00000000d5d80000,0x00000000d5e00000)
 ParOldGen       total 211968K, used 211811K [0x0000000080000000, 0x000000008cf00000, 0x00000000d5580000)
  object space 211968K, 99% used [0x0000000080000000,0x000000008ced8ce0,0x000000008cf00000)
 Metaspace       used 83201K, committed 85056K, reserved 1179648K
  class space    used 8842K, committed 9664K, reserved 1048576K
}
Event: 217.731 GC heap before
{Heap before GC invocations=173 (full 3):
 PSYoungGen      total 3584K, used 3578K [0x00000000d5580000, 0x00000000d5e00000, 0x0000000100000000)
  eden space 3072K, 100% used [0x00000000d5580000,0x00000000d5880000,0x00000000d5880000)
  from space 512K, 98% used [0x00000000d5d00000,0x00000000d5d7e900,0x00000000d5d80000)
  to   space 512K, 0% used [0x00000000d5d80000,0x00000000d5d80000,0x00000000d5e00000)
 ParOldGen       total 211968K, used 211811K [0x0000000080000000, 0x000000008cf00000, 0x00000000d5580000)
  object space 211968K, 99% used [0x0000000080000000,0x000000008ced8ce0,0x000000008cf00000)
 Metaspace       used 83201K, committed 85056K, reserved 1179648K
  class space    used 8842K, committed 9664K, reserved 1048576K
}
Event: 217.733 GC heap after
{Heap after GC invocations=173 (full 3):
 PSYoungGen      total 3584K, used 384K [0x00000000d5580000, 0x00000000d5e00000, 0x0000000100000000)
  eden space 3072K, 0% used [0x00000000d5580000,0x00000000d5580000,0x00000000d5880000)
  from space 512K, 75% used [0x00000000d5d80000,0x00000000d5de0000,0x00000000d5e00000)
  to   space 512K, 0% used [0x00000000d5d00000,0x00000000d5d00000,0x00000000d5d80000)
 ParOldGen       total 212480K, used 212287K [0x0000000080000000, 0x000000008cf80000, 0x00000000d5580000)
  object space 212480K, 99% used [0x0000000080000000,0x000000008cf4fee0,0x000000008cf80000)
 Metaspace       used 83201K, committed 85056K, reserved 1179648K
  class space    used 8842K, committed 9664K, reserved 1048576K
}
Event: 356.471 GC heap before
{Heap before GC invocations=174 (full 3):
 PSYoungGen      total 3584K, used 3454K [0x00000000d5580000, 0x00000000d5e00000, 0x0000000100000000)
  eden space 3072K, 99% used [0x00000000d5580000,0x00000000d587f9a0,0x00000000d5880000)
  from space 512K, 75% used [0x00000000d5d80000,0x00000000d5de0000,0x00000000d5e00000)
  to   space 512K, 0% used [0x00000000d5d00000,0x00000000d5d00000,0x00000000d5d80000)
 ParOldGen       total 212480K, used 212287K [0x0000000080000000, 0x000000008cf80000, 0x00000000d5580000)
  object space 212480K, 99% used [0x0000000080000000,0x000000008cf4fee0,0x000000008cf80000)
 Metaspace       used 83478K, committed 85312K, reserved 1179648K
  class space    used 8867K, committed 9664K, reserved 1048576K
}
Event: 356.477 GC heap after
{Heap after GC invocations=174 (full 3):
 PSYoungGen      total 3584K, used 352K [0x00000000d5580000, 0x00000000d5e00000, 0x0000000100000000)
  eden space 3072K, 0% used [0x00000000d5580000,0x00000000d5580000,0x00000000d5880000)
  from space 512K, 68% used [0x00000000d5d00000,0x00000000d5d58000,0x00000000d5d80000)
  to   space 512K, 0% used [0x00000000d5d80000,0x00000000d5d80000,0x00000000d5e00000)
 ParOldGen       total 212992K, used 212575K [0x0000000080000000, 0x000000008d000000, 0x00000000d5580000)
  object space 212992K, 99% used [0x0000000080000000,0x000000008cf97ee0,0x000000008d000000)
 Metaspace       used 83478K, committed 85312K, reserved 1179648K
  class space    used 8867K, committed 9664K, reserved 1048576K
}

