# JRE version: OpenJDK Runtime Environment Temurin-21.0.10+7 (21.0.10+7) (build 21.0.10+7-LTS)
# Java VM: OpenJDK 64-Bit Server VM Temurin-21.0.10+7 (21.0.10+7-LTS, mixed mode, sharing, tiered, compressed oops, compressed class ptrs, parallel gc, windows-amd64)
GC Precious Log:
 CardTable entry size: 512
 CPUs: 12 total, 12 available
 Memory: 5989M
 Large Page Support: Disabled
 NUMA Support: Disabled
 Compressed Oops: Enabled (32-bit)
 Alignments: Space 512K, Generation 512K, Heap 2M
 Heap Min Capacity: 100M
 Heap Initial Capacity: 100M
 Heap Max Capacity: 2G
 Pre-touch: Disabled
 Parallel Workers: 10
Heap:
 PSYoungGen      total 2560K, used 661K [0x00000000d5580000, 0x00000000d5900000, 0x0000000100000000)
  eden space 2048K, 18% used [0x00000000d5580000,0x00000000d55dd618,0x00000000d5780000)
  from space 512K, 56% used [0x00000000d5800000,0x00000000d5848000,0x00000000d5880000)
  to   space 512K, 0% used [0x00000000d5880000,0x00000000d5880000,0x00000000d5900000)
 ParOldGen       total 310272K, used 77900K [0x0000000080000000, 0x0000000092f00000, 0x00000000d5580000)
  object space 310272K, 25% used [0x0000000080000000,0x0000000084c130e8,0x0000000092f00000)
 Metaspace       used 79899K, committed 81664K, reserved 1179648K
  class space    used 8275K, committed 9088K, reserved 1048576K
GC Heap History (20 events):
Event: 335.651 GC heap before
{Heap before GC invocations=318 (full 4):
 PSYoungGen      total 2560K, used 2336K [0x00000000d5580000, 0x00000000d5900000, 0x0000000100000000)
  eden space 2048K, 100% used [0x00000000d5580000,0x00000000d5780000,0x00000000d5780000)
  from space 512K, 56% used [0x00000000d5800000,0x00000000d5848000,0x00000000d5880000)
  to   space 512K, 0% used [0x00000000d5880000,0x00000000d5880000,0x00000000d5900000)
 ParOldGen       total 310272K, used 77148K [0x0000000080000000, 0x0000000092f00000, 0x00000000d5580000)
  object space 310272K, 24% used [0x0000000080000000,0x0000000084b570e8,0x0000000092f00000)
 Metaspace       used 79465K, committed 81088K, reserved 1179648K
  class space    used 8236K, committed 8960K, reserved 1048576K
}
Event: 335.665 GC heap after
{Heap after GC invocations=318 (full 4):
 PSYoungGen      total 2560K, used 256K [0x00000000d5580000, 0x00000000d5900000, 0x0000000100000000)
  eden space 2048K, 0% used [0x00000000d5580000,0x00000000d5580000,0x00000000d5780000)
  from space 512K, 50% used [0x00000000d5880000,0x00000000d58c0000,0x00000000d5900000)
  to   space 512K, 0% used [0x00000000d5800000,0x00000000d5800000,0x00000000d5880000)
 ParOldGen       total 310272K, used 77292K [0x0000000080000000, 0x0000000092f00000, 0x00000000d5580000)
  object space 310272K, 24% used [0x0000000080000000,0x0000000084b7b0e8,0x0000000092f00000)
 Metaspace       used 79465K, committed 81088K, reserved 1179648K
  class space    used 8236K, committed 8960K, reserved 1048576K
}
Event: 339.284 GC heap before
{Heap before GC invocations=319 (full 4):
 PSYoungGen      total 2560K, used 2304K [0x00000000d5580000, 0x00000000d5900000, 0x0000000100000000)
  eden space 2048K, 100% used [0x00000000d5580000,0x00000000d5780000,0x00000000d5780000)
  from space 512K, 50% used [0x00000000d5880000,0x00000000d58c0000,0x00000000d5900000)
  to   space 512K, 0% used [0x00000000d5800000,0x00000000d5800000,0x00000000d5880000)
 ParOldGen       total 310272K, used 77292K [0x0000000080000000, 0x0000000092f00000, 0x00000000d5580000)
  object space 310272K, 24% used [0x0000000080000000,0x0000000084b7b0e8,0x0000000092f00000)
 Metaspace       used 79501K, committed 81152K, reserved 1179648K
  class space    used 8242K, committed 8960K, reserved 1048576K
}
Event: 339.286 GC heap after
{Heap after GC invocations=319 (full 4):
 PSYoungGen      total 2560K, used 256K [0x00000000d5580000, 0x00000000d5900000, 0x0000000100000000)
  eden space 2048K, 0% used [0x00000000d5580000,0x00000000d5580000,0x00000000d5780000)
  from space 512K, 50% used [0x00000000d5800000,0x00000000d5840000,0x00000000d5880000)
  to   space 512K, 0% used [0x00000000d5880000,0x00000000d5880000,0x00000000d5900000)
 ParOldGen       total 310272K, used 77364K [0x0000000080000000, 0x0000000092f00000, 0x00000000d5580000)
  object space 310272K, 24% used [0x0000000080000000,0x0000000084b8d0e8,0x0000000092f00000)
 Metaspace       used 79501K, committed 81152K, reserved 1179648K
  class space    used 8242K, committed 8960K, reserved 1048576K
}
Event: 342.252 GC heap before
{Heap before GC invocations=320 (full 4):
 PSYoungGen      total 2560K, used 2304K [0x00000000d5580000, 0x00000000d5900000, 0x0000000100000000)
  eden space 2048K, 100% used [0x00000000d5580000,0x00000000d5780000,0x00000000d5780000)
  from space 512K, 50% used [0x00000000d5800000,0x00000000d5840000,0x00000000d5880000)
  to   space 512K, 0% used [0x00000000d5880000,0x00000000d5880000,0x00000000d5900000)
 ParOldGen       total 310272K, used 77364K [0x0000000080000000, 0x0000000092f00000, 0x00000000d5580000)
  object space 310272K, 24% used [0x0000000080000000,0x0000000084b8d0e8,0x0000000092f00000)
 Metaspace       used 79519K, committed 81152K, reserved 1179648K
  class space    used 8243K, committed 8960K, reserved 1048576K
}
Event: 342.254 GC heap after
{Heap after GC invocations=320 (full 4):
 PSYoungGen      total 2560K, used 224K [0x00000000d5580000, 0x00000000d5900000, 0x0000000100000000)
  eden space 2048K, 0% used [0x00000000d5580000,0x00000000d5580000,0x00000000d5780000)
  from space 512K, 43% used [0x00000000d5880000,0x00000000d58b8000,0x00000000d5900000)
  to   space 512K, 0% used [0x00000000d5800000,0x00000000d5800000,0x00000000d5880000)
 ParOldGen       total 310272K, used 77412K [0x0000000080000000, 0x0000000092f00000, 0x00000000d5580000)
  object space 310272K, 24% used [0x0000000080000000,0x0000000084b990e8,0x0000000092f00000)
 Metaspace       used 79519K, committed 81152K, reserved 1179648K
  class space    used 8243K, committed 8960K, reserved 1048576K
}
Event: 343.881 GC heap before
{Heap before GC invocations=321 (full 4):
 PSYoungGen      total 2560K, used 2272K [0x00000000d5580000, 0x00000000d5900000, 0x0000000100000000)
  eden space 2048K, 100% used [0x00000000d5580000,0x00000000d5780000,0x00000000d5780000)
  from space 512K, 43% used [0x00000000d5880000,0x00000000d58b8000,0x00000000d5900000)
  to   space 512K, 0% used [0x00000000d5800000,0x00000000d5800000,0x00000000d5880000)
 ParOldGen       total 310272K, used 77412K [0x0000000080000000, 0x0000000092f00000, 0x00000000d5580000)
  object space 310272K, 24% used [0x0000000080000000,0x0000000084b990e8,0x0000000092f00000)
 Metaspace       used 79791K, committed 81408K, reserved 1179648K
  class space    used 8268K, committed 9024K, reserved 1048576K
}
Event: 343.886 GC heap after
{Heap after GC invocations=321 (full 4):
 PSYoungGen      total 2560K, used 320K [0x00000000d5580000, 0x00000000d5900000, 0x0000000100000000)
  eden space 2048K, 0% used [0x00000000d5580000,0x00000000d5580000,0x00000000d5780000)
  from space 512K, 62% used [0x00000000d5800000,0x00000000d5850000,0x00000000d5880000)
  to   space 512K, 0% used [0x00000000d5880000,0x00000000d5880000,0x00000000d5900000)
 ParOldGen       total 310272K, used 77468K [0x0000000080000000, 0x0000000092f00000, 0x00000000d5580000)
  object space 310272K, 24% used [0x0000000080000000,0x0000000084ba70e8,0x0000000092f00000)
 Metaspace       used 79791K, committed 81408K, reserved 1179648K
  class space    used 8268K, committed 9024K, reserved 1048576K
}
Event: 344.374 GC heap before
{Heap before GC invocations=322 (full 4):
 PSYoungGen      total 2560K, used 2368K [0x00000000d5580000, 0x00000000d5900000, 0x0000000100000000)
  eden space 2048K, 100% used [0x00000000d5580000,0x00000000d5780000,0x00000000d5780000)
  from space 512K, 62% used [0x00000000d5800000,0x00000000d5850000,0x00000000d5880000)
  to   space 512K, 0% used [0x00000000d5880000,0x00000000d5880000,0x00000000d5900000)
 ParOldGen       total 310272K, used 77468K [0x0000000080000000, 0x0000000092f00000, 0x00000000d5580000)
  object space 310272K, 24% used [0x0000000080000000,0x0000000084ba70e8,0x0000000092f00000)
 Metaspace       used 79809K, committed 81408K, reserved 1179648K
  class space    used 8271K, committed 9024K, reserved 1048576K
}
Event: 344.377 GC heap after
{Heap after GC invocations=322 (full 4):
 PSYoungGen      total 2560K, used 368K [0x00000000d5580000, 0x00000000d5900000, 0x0000000100000000)
  eden space 2048K, 0% used [0x00000000d5580000,0x00000000d5580000,0x00000000d5780000)
  from space 512K, 71% used [0x00000000d5880000,0x00000000d58dc030,0x00000000d5900000)
  to   space 512K, 0% used [0x00000000d5800000,0x00000000d5800000,0x00000000d5880000)
 ParOldGen       total 310272K, used 77612K [0x0000000080000000, 0x0000000092f00000, 0x00000000d5580000)
  object space 310272K, 25% used [0x0000000080000000,0x0000000084bcb0e8,0x0000000092f00000)
 Metaspace       used 79809K, committed 81408K, reserved 1179648K
  class space    used 8271K, committed 9024K, reserved 1048576K
}
Event: 386.237 GC heap before
{Heap before GC invocations=323 (full 4):
 PSYoungGen      total 2560K, used 2415K [0x00000000d5580000, 0x00000000d5900000, 0x0000000100000000)
  eden space 2048K, 99% used [0x00000000d5580000,0x00000000d577ff18,0x00000000d5780000)
  from space 512K, 71% used [0x00000000d5880000,0x00000000d58dc030,0x00000000d5900000)
  to   space 512K, 0% used [0x00000000d5800000,0x00000000d5800000,0x00000000d5880000)
 ParOldGen       total 310272K, used 77612K [0x0000000080000000, 0x0000000092f00000, 0x00000000d5580000)
  object space 310272K, 25% used [0x0000000080000000,0x0000000084bcb0e8,0x0000000092f00000)
 Metaspace       used 79832K, committed 81472K, reserved 1179648K
  class space    used 8271K, committed 9024K, reserved 1048576K
}
Event: 386.247 GC heap after
{Heap after GC invocations=323 (full 4):
 PSYoungGen      total 2560K, used 320K [0x00000000d5580000, 0x00000000d5900000, 0x0000000100000000)
  eden space 2048K, 0% used [0x00000000d5580000,0x00000000d5580000,0x00000000d5780000)
  from space 512K, 62% used [0x00000000d5800000,0x00000000d5850000,0x00000000d5880000)
  to   space 512K, 0% used [0x00000000d5880000,0x00000000d5880000,0x00000000d5900000)
 ParOldGen       total 310272K, used 77708K [0x0000000080000000, 0x0000000092f00000, 0x00000000d5580000)
  object space 310272K, 25% used [0x0000000080000000,0x0000000084be30e8,0x0000000092f00000)
 Metaspace       used 79832K, committed 81472K, reserved 1179648K
  class space    used 8271K, committed 9024K, reserved 1048576K
}
Event: 393.795 GC heap before
{Heap before GC invocations=324 (full 4):
 PSYoungGen      total 2560K, used 2363K [0x00000000d5580000, 0x00000000d5900000, 0x0000000100000000)
  eden space 2048K, 99% used [0x00000000d5580000,0x00000000d577ef18,0x00000000d5780000)
  from space 512K, 62% used [0x00000000d5800000,0x00000000d5850000,0x00000000d5880000)
  to   space 512K, 0% used [0x00000000d5880000,0x00000000d5880000,0x00000000d5900000)
 ParOldGen       total 310272K, used 77708K [0x0000000080000000, 0x0000000092f00000, 0x00000000d5580000)
  object space 310272K, 25% used [0x0000000080000000,0x0000000084be30e8,0x0000000092f00000)
 Metaspace       used 79855K, committed 81472K, reserved 1179648K
  class space    used 8271K, committed 9024K, reserved 1048576K
}
Event: 393.798 GC heap after
{Heap after GC invocations=324 (full 4):
 PSYoungGen      total 2560K, used 224K [0x00000000d5580000, 0x00000000d5900000, 0x0000000100000000)
  eden space 2048K, 0% used [0x00000000d5580000,0x00000000d5580000,0x00000000d5780000)
  from space 512K, 43% used [0x00000000d5880000,0x00000000d58b8000,0x00000000d5900000)
  to   space 512K, 0% used [0x00000000d5800000,0x00000000d5800000,0x00000000d5880000)
 ParOldGen       total 310272K, used 77764K [0x0000000080000000, 0x0000000092f00000, 0x00000000d5580000)
  object space 310272K, 25% used [0x0000000080000000,0x0000000084bf10e8,0x0000000092f00000)
 Metaspace       used 79855K, committed 81472K, reserved 1179648K
  class space    used 8271K, committed 9024K, reserved 1048576K
}
Event: 446.125 GC heap before
{Heap before GC invocations=325 (full 4):
 PSYoungGen      total 2560K, used 2272K [0x00000000d5580000, 0x00000000d5900000, 0x0000000100000000)
  eden space 2048K, 100% used [0x00000000d5580000,0x00000000d5780000,0x00000000d5780000)
  from space 512K, 43% used [0x00000000d5880000,0x00000000d58b8000,0x00000000d5900000)
  to   space 512K, 0% used [0x00000000d5800000,0x00000000d5800000,0x00000000d5880000)
 ParOldGen       total 310272K, used 77764K [0x0000000080000000, 0x0000000092f00000, 0x00000000d5580000)
  object space 310272K, 25% used [0x0000000080000000,0x0000000084bf10e8,0x0000000092f00000)
 Metaspace       used 79863K, committed 81536K, reserved 1179648K
  class space    used 8271K, committed 9024K, reserved 1048576K
}
Event: 446.171 GC heap after
{Heap after GC invocations=325 (full 4):
 PSYoungGen      total 2560K, used 288K [0x00000000d5580000, 0x00000000d5900000, 0x0000000100000000)
  eden space 2048K, 0% used [0x00000000d5580000,0x00000000d5580000,0x00000000d5780000)
  from space 512K, 56% used [0x00000000d5800000,0x00000000d5848000,0x00000000d5880000)
  to   space 512K, 0% used [0x00000000d5880000,0x00000000d5880000,0x00000000d5900000)
 ParOldGen       total 310272K, used 77796K [0x0000000080000000, 0x0000000092f00000, 0x00000000d5580000)
  object space 310272K, 25% used [0x0000000080000000,0x0000000084bf90e8,0x0000000092f00000)
 Metaspace       used 79863K, committed 81536K, reserved 1179648K
  class space    used 8271K, committed 9024K, reserved 1048576K
}
Event: 453.703 GC heap before
{Heap before GC invocations=326 (full 4):
 PSYoungGen      total 2560K, used 2336K [0x00000000d5580000, 0x00000000d5900000, 0x0000000100000000)
  eden space 2048K, 100% used [0x00000000d5580000,0x00000000d5780000,0x00000000d5780000)
  from space 512K, 56% used [0x00000000d5800000,0x00000000d5848000,0x00000000d5880000)
  to   space 512K, 0% used [0x00000000d5880000,0x00000000d5880000,0x00000000d5900000)
 ParOldGen       total 310272K, used 77796K [0x0000000080000000, 0x0000000092f00000, 0x00000000d5580000)
  object space 310272K, 25% used [0x0000000080000000,0x0000000084bf90e8,0x0000000092f00000)
 Metaspace       used 79887K, committed 81664K, reserved 1179648K
  class space    used 8275K, committed 9088K, reserved 1048576K
}
Event: 453.707 GC heap after
{Heap after GC invocations=326 (full 4):
 PSYoungGen      total 2560K, used 192K [0x00000000d5580000, 0x00000000d5900000, 0x0000000100000000)
  eden space 2048K, 0% used [0x00000000d5580000,0x00000000d5580000,0x00000000d5780000)
  from space 512K, 37% used [0x00000000d5880000,0x00000000d58b0000,0x00000000d5900000)
  to   space 512K, 0% used [0x00000000d5800000,0x00000000d5800000,0x00000000d5880000)
 ParOldGen       total 310272K, used 77828K [0x0000000080000000, 0x0000000092f00000, 0x00000000d5580000)
  object space 310272K, 25% used [0x0000000080000000,0x0000000084c010e8,0x0000000092f00000)
 Metaspace       used 79887K, committed 81664K, reserved 1179648K
  class space    used 8275K, committed 9088K, reserved 1048576K
}
Event: 454.234 GC heap before
{Heap before GC invocations=327 (full 4):
 PSYoungGen      total 2560K, used 2240K [0x00000000d5580000, 0x00000000d5900000, 0x0000000100000000)
  eden space 2048K, 100% used [0x00000000d5580000,0x00000000d5780000,0x00000000d5780000)
  from space 512K, 37% used [0x00000000d5880000,0x00000000d58b0000,0x00000000d5900000)
  to   space 512K, 0% used [0x00000000d5800000,0x00000000d5800000,0x00000000d5880000)
 ParOldGen       total 310272K, used 77828K [0x0000000080000000, 0x0000000092f00000, 0x00000000d5580000)
  object space 310272K, 25% used [0x0000000080000000,0x0000000084c010e8,0x0000000092f00000)
 Metaspace       used 79892K, committed 81664K, reserved 1179648K
  class space    used 8275K, committed 9088K, reserved 1048576K
}
Event: 454.237 GC heap after
{Heap after GC invocations=327 (full 4):
 PSYoungGen      total 2560K, used 288K [0x00000000d5580000, 0x00000000d5900000, 0x0000000100000000)
  eden space 2048K, 0% used [0x00000000d5580000,0x00000000d5580000,0x00000000d5780000)
  from space 512K, 56% used [0x00000000d5800000,0x00000000d5848000,0x00000000d5880000)
  to   space 512K, 0% used [0x00000000d5880000,0x00000000d5880000,0x00000000d5900000)
 ParOldGen       total 310272K, used 77900K [0x0000000080000000, 0x0000000092f00000, 0x00000000d5580000)
  object space 310272K, 25% used [0x0000000080000000,0x0000000084c130e8,0x0000000092f00000)
 Metaspace       used 79892K, committed 81664K, reserved 1179648K
  class space    used 8275K, committed 9088K, reserved 1048576K
}

