# JRE version: OpenJDK Runtime Environment Microsoft-13106358 (17.0.18+8) (build 17.0.18+8-LTS)
# Java VM: OpenJDK 64-Bit Server VM Microsoft-13106358 (17.0.18+8-LTS, mixed mode, sharing, tiered, compressed oops, compressed class ptrs, g1 gc, windows-amd64)
GC Precious Log:
 CPUs: 12 total, 12 available
 Memory: 5989M
 Large Page Support: Disabled
 NUMA Support: Disabled
 Compressed Oops: Enabled (32-bit)
 Heap Region Size: 1M
 Heap Min Capacity: 8M
 Heap Initial Capacity: 94M
 Heap Max Capacity: 1498M
 Pre-touch: Disabled
 Parallel Workers: 10
 Concurrent Workers: 3
 Concurrent Refinement Workers: 10
 Periodic GC: Disabled
Heap:
 garbage-first heap   total 66560K, used 42473K [0x00000000a2600000, 0x0000000100000000)
  region size 1024K, 7 young (7168K), 2 survivors (2048K)
 Metaspace       used 91408K, committed 92032K, reserved 1179648K
  class space    used 12242K, committed 12544K, reserved 1048576K
GC Heap History (20 events):
Event: 11.591 GC heap before
{Heap before GC invocations=11 (full 0):
 garbage-first heap   total 61440K, used 38808K [0x00000000a2600000, 0x0000000100000000)
  region size 1024K, 15 young (15360K), 2 survivors (2048K)
 Metaspace       used 59699K, committed 60160K, reserved 1114112K
  class space    used 7985K, committed 8192K, reserved 1048576K
}
Event: 11.594 GC heap after
{Heap after GC invocations=12 (full 0):
 garbage-first heap   total 61440K, used 26874K [0x00000000a2600000, 0x0000000100000000)
  region size 1024K, 2 young (2048K), 2 survivors (2048K)
 Metaspace       used 59699K, committed 60160K, reserved 1114112K
  class space    used 7985K, committed 8192K, reserved 1048576K
}
Event: 12.411 GC heap before
{Heap before GC invocations=13 (full 0):
 garbage-first heap   total 61440K, used 47354K [0x00000000a2600000, 0x0000000100000000)
  region size 1024K, 23 young (23552K), 2 survivors (2048K)
 Metaspace       used 64123K, committed 64640K, reserved 1114112K
  class space    used 8792K, committed 9024K, reserved 1048576K
}
Event: 12.415 GC heap after
{Heap after GC invocations=14 (full 0):
 garbage-first heap   total 61440K, used 27654K [0x00000000a2600000, 0x0000000100000000)
  region size 1024K, 2 young (2048K), 2 survivors (2048K)
 Metaspace       used 64123K, committed 64640K, reserved 1114112K
  class space    used 8792K, committed 9024K, reserved 1048576K
}
Event: 13.466 GC heap before
{Heap before GC invocations=14 (full 0):
 garbage-first heap   total 61440K, used 48134K [0x00000000a2600000, 0x0000000100000000)
  region size 1024K, 23 young (23552K), 2 survivors (2048K)
 Metaspace       used 68398K, committed 68864K, reserved 1114112K
  class space    used 9402K, committed 9600K, reserved 1048576K
}
Event: 13.471 GC heap after
{Heap after GC invocations=15 (full 0):
 garbage-first heap   total 61440K, used 29226K [0x00000000a2600000, 0x0000000100000000)
  region size 1024K, 3 young (3072K), 3 survivors (3072K)
 Metaspace       used 68398K, committed 68864K, reserved 1114112K
  class space    used 9402K, committed 9600K, reserved 1048576K
}
Event: 14.150 GC heap before
{Heap before GC invocations=15 (full 0):
 garbage-first heap   total 61440K, used 49706K [0x00000000a2600000, 0x0000000100000000)
  region size 1024K, 23 young (23552K), 3 survivors (3072K)
 Metaspace       used 71705K, committed 72256K, reserved 1114112K
  class space    used 9800K, committed 10112K, reserved 1048576K
}
Event: 14.156 GC heap after
{Heap after GC invocations=16 (full 0):
 garbage-first heap   total 61440K, used 31370K [0x00000000a2600000, 0x0000000100000000)
  region size 1024K, 3 young (3072K), 3 survivors (3072K)
 Metaspace       used 71705K, committed 72256K, reserved 1114112K
  class space    used 9800K, committed 10112K, reserved 1048576K
}
Event: 25.926 GC heap before
{Heap before GC invocations=16 (full 0):
 garbage-first heap   total 61440K, used 47754K [0x00000000a2600000, 0x0000000100000000)
  region size 1024K, 20 young (20480K), 3 survivors (3072K)
 Metaspace       used 74455K, committed 75008K, reserved 1114112K
  class space    used 10145K, committed 10368K, reserved 1048576K
}
Event: 25.932 GC heap after
{Heap after GC invocations=17 (full 0):
 garbage-first heap   total 61440K, used 32577K [0x00000000a2600000, 0x0000000100000000)
  region size 1024K, 2 young (2048K), 2 survivors (2048K)
 Metaspace       used 74455K, committed 75008K, reserved 1114112K
  class space    used 10145K, committed 10368K, reserved 1048576K
}
Event: 26.769 GC heap before
{Heap before GC invocations=18 (full 0):
 garbage-first heap   total 61440K, used 48961K [0x00000000a2600000, 0x0000000100000000)
  region size 1024K, 19 young (19456K), 2 survivors (2048K)
 Metaspace       used 77913K, committed 78464K, reserved 1179648K
  class space    used 10825K, committed 11072K, reserved 1048576K
}
Event: 26.776 GC heap after
{Heap after GC invocations=19 (full 0):
 garbage-first heap   total 61440K, used 34007K [0x00000000a2600000, 0x0000000100000000)
  region size 1024K, 3 young (3072K), 3 survivors (3072K)
 Metaspace       used 77913K, committed 78464K, reserved 1179648K
  class space    used 10825K, committed 11072K, reserved 1048576K
}
Event: 27.365 GC heap before
{Heap before GC invocations=19 (full 0):
 garbage-first heap   total 61440K, used 48343K [0x00000000a2600000, 0x0000000100000000)
  region size 1024K, 18 young (18432K), 3 survivors (3072K)
 Metaspace       used 81521K, committed 82176K, reserved 1179648K
  class space    used 11373K, committed 11648K, reserved 1048576K
}
Event: 27.371 GC heap after
{Heap after GC invocations=20 (full 0):
 garbage-first heap   total 61440K, used 34561K [0x00000000a2600000, 0x0000000100000000)
  region size 1024K, 1 young (1024K), 1 survivors (1024K)
 Metaspace       used 81521K, committed 82176K, reserved 1179648K
  class space    used 11373K, committed 11648K, reserved 1048576K
}
Event: 80.011 GC heap before
{Heap before GC invocations=21 (full 0):
 garbage-first heap   total 61440K, used 48897K [0x00000000a2600000, 0x0000000100000000)
  region size 1024K, 16 young (16384K), 1 survivors (1024K)
 Metaspace       used 84054K, committed 84736K, reserved 1179648K
  class space    used 11643K, committed 11968K, reserved 1048576K
}
Event: 80.041 GC heap after
{Heap after GC invocations=22 (full 0):
 garbage-first heap   total 61440K, used 36534K [0x00000000a2600000, 0x0000000100000000)
  region size 1024K, 2 young (2048K), 2 survivors (2048K)
 Metaspace       used 84054K, committed 84736K, reserved 1179648K
  class space    used 11643K, committed 11968K, reserved 1048576K
}
Event: 80.808 GC heap before
{Heap before GC invocations=22 (full 0):
 garbage-first heap   total 61440K, used 49846K [0x00000000a2600000, 0x0000000100000000)
  region size 1024K, 16 young (16384K), 2 survivors (2048K)
 Metaspace       used 87643K, committed 88256K, reserved 1179648K
  class space    used 11915K, committed 12224K, reserved 1048576K
}
Event: 80.830 GC heap after
{Heap after GC invocations=23 (full 0):
 garbage-first heap   total 61440K, used 37293K [0x00000000a2600000, 0x0000000100000000)
  region size 1024K, 1 young (1024K), 1 survivors (1024K)
 Metaspace       used 87643K, committed 88256K, reserved 1179648K
  class space    used 11915K, committed 12224K, reserved 1048576K
}
Event: 81.764 GC heap before
{Heap before GC invocations=24 (full 0):
 garbage-first heap   total 66560K, used 48557K [0x00000000a2600000, 0x0000000100000000)
  region size 1024K, 13 young (13312K), 1 survivors (1024K)
 Metaspace       used 90679K, committed 91328K, reserved 1179648K
  class space    used 12167K, committed 12480K, reserved 1048576K
}
Event: 81.768 GC heap after
{Heap after GC invocations=25 (full 0):
 garbage-first heap   total 66560K, used 38377K [0x00000000a2600000, 0x0000000100000000)
  region size 1024K, 2 young (2048K), 2 survivors (2048K)
 Metaspace       used 90679K, committed 91328K, reserved 1179648K
  class space    used 12167K, committed 12480K, reserved 1048576K
}

